SF:lib\common\data\data_result.dart
DA:4,10
DA:6,20
DA:7,20
DA:9,0
DA:10,0
DA:11,0
DA:14,2
DA:15,0
DA:16,1
DA:26,10
DA:29,10
DA:34,20
DA:39,10
DA:43,10
DA:48,20
LF:15
LH:11
end_of_record
SF:lib\common\data\exceptions.dart
DA:2,70
DA:6,0
DA:8,0
DA:13,29
DA:15,4
DA:22,0
DA:30,0
DA:32,0
DA:33,0
DA:34,0
DA:35,0
DA:41,0
DA:42,0
DA:44,0
DA:46,0
DA:48,0
DA:58,12
DA:64,0
DA:66,0
DA:67,0
DA:68,0
DA:69,0
DA:70,0
DA:72,0
DA:74,0
DA:75,0
DA:77,0
DA:79,0
DA:81,0
DA:90,0
DA:92,0
DA:97,40
DA:101,2
DA:103,2
DA:104,2
DA:106,1
DA:108,1
DA:110,1
DA:120,12
DA:126,0
DA:128,0
DA:129,0
DA:138,13
DA:141,1
DA:143,1
DA:144,1
LF:46
LH:16
end_of_record
SF:lib\common\features\balance_controller.dart
DA:9,2
DA:17,4
DA:24,4
DA:26,2
DA:27,2
DA:28,2
DA:31,2
DA:32,4
DA:34,4
DA:36,2
DA:37,6
DA:38,2
DA:39,2
DA:41,4
DA:46,0
DA:49,0
DA:54,0
DA:55,0
DA:56,0
DA:57,0
DA:58,0
LF:21
LH:14
end_of_record
SF:lib\common\models\balances_model.dart
DA:7,3
DA:13,1
DA:14,1
DA:15,1
DA:16,1
DA:17,1
DA:21,1
DA:22,1
DA:23,0
DA:24,0
DA:25,0
DA:27,0
DA:28,0
DA:30,0
DA:31,0
DA:36,1
DA:37,0
DA:38,0
DA:39,0
DA:41,0
DA:43,0
DA:47,1
DA:48,3
DA:49,3
DA:50,3
DA:60,0
DA:62,0
DA:63,0
DA:65,1
DA:70,1
DA:71,0
DA:72,0
DA:73,0
LF:33
LH:15
end_of_record
SF:lib\common\models\user_model.dart
DA:10,4
DA:19,4
DA:20,4
DA:21,4
DA:22,4
DA:23,4
DA:24,4
DA:28,1
DA:29,1
DA:30,2
DA:31,2
DA:32,2
DA:33,2
DA:37,12
DA:39,3
LF:15
LH:15
end_of_record
SF:lib\services\data_service\database_service.dart
DA:12,0
DA:17,0
DA:20,0
DA:21,0
DA:22,0
DA:24,0
DA:28,0
DA:29,0
DA:31,0
DA:33,0
DA:36,0
DA:42,0
DA:48,0
DA:50,0
DA:51,0
DA:52,0
DA:53,0
DA:54,0
DA:55,0
DA:59,0
DA:60,0
DA:64,0
DA:66,0
DA:68,0
DA:73,0
DA:76,0
DA:77,0
DA:80,0
DA:81,0
DA:82,0
DA:84,0
DA:89,0
DA:97,0
DA:103,0
DA:105,0
DA:106,0
DA:109,0
DA:111,0
DA:113,0
DA:115,0
DA:116,0
DA:117,0
DA:118,0
DA:120,0
DA:122,0
DA:129,0
DA:135,0
DA:137,0
DA:138,0
DA:140,0
DA:144,0
DA:146,0
DA:148,0
DA:149,0
DA:156,0
DA:162,0
DA:164,0
DA:165,0
DA:168,0
DA:171,0
DA:173,0
DA:175,0
LF:62
LH:0
end_of_record
SF:lib\services\data_service\graphql_service.dart
DA:8,0
DA:15,0
DA:17,0
DA:18,0
DA:22,0
DA:23,0
DA:24,0
DA:26,0
DA:30,0
DA:32,0
DA:34,0
DA:35,0
DA:39,0
DA:44,0
DA:50,0
DA:56,0
DA:58,0
DA:61,0
DA:62,0
DA:63,0
DA:65,0
DA:67,0
DA:69,0
DA:73,0
DA:79,0
DA:81,0
DA:84,0
DA:86,0
DA:90,0
DA:92,0
DA:94,0
DA:98,0
DA:104,0
DA:106,0
DA:109,0
DA:111,0
DA:112,0
DA:115,0
DA:117,0
DA:119,0
DA:123,0
DA:129,0
DA:130,0
DA:134,0
DA:136,0
DA:137,0
DA:140,0
DA:142,0
DA:144,0
DA:149,0
DA:150,0
DA:152,0
DA:154,0
DA:156,0
DA:157,0
DA:162,0
DA:163,0
DA:167,0
DA:168,0
DA:170,0
DA:174,0
LF:61
LH:0
end_of_record
SF:lib\services\secure_storage.dart
DA:4,12
DA:8,0
DA:9,0
DA:15,0
DA:16,0
DA:19,0
DA:20,0
DA:23,0
DA:24,0
DA:27,0
DA:28,0
LF:11
LH:1
end_of_record
SF:lib\services\sync_services\sync_service.dart
DA:14,0
DA:28,0
DA:29,0
DA:30,0
DA:31,0
DA:32,0
DA:33,0
DA:36,0
DA:38,0
DA:39,0
DA:40,0
DA:42,0
DA:45,0
DA:47,0
DA:48,0
DA:54,0
DA:55,0
DA:57,0
DA:59,0
DA:61,0
DA:63,0
DA:68,0
DA:71,0
DA:72,0
DA:74,0
DA:76,0
DA:78,0
DA:79,0
DA:81,0
DA:85,0
DA:86,0
DA:91,0
DA:92,0
DA:94,0
DA:96,0
DA:99,0
DA:101,0
DA:103,0
DA:105,0
DA:111,0
DA:115,0
DA:120,0
DA:124,0
DA:126,0
DA:136,0
DA:137,0
DA:138,0
DA:140,0
DA:142,0
DA:144,0
DA:147,0
DA:148,0
DA:149,0
DA:150,0
DA:152,0
DA:156,0
DA:158,0
DA:162,0
DA:164,0
DA:167,0
DA:169,0
DA:170,0
DA:176,0
DA:177,0
DA:180,0
DA:182,0
DA:183,0
DA:184,0
DA:187,0
DA:188,0
DA:194,0
DA:196,0
DA:198,0
DA:200,0
DA:201,0
DA:202,0
DA:204,0
DA:207,0
DA:208,0
DA:210,0
DA:212,0
DA:217,0
DA:218,0
DA:220,0
DA:226,0
DA:230,0
LF:86
LH:0
end_of_record
SF:lib\common\constants\app_colors.dart
DA:4,0
LF:1
LH:0
end_of_record
SF:lib\common\constants\app_text_styles.dart
DA:4,0
LF:1
LH:0
end_of_record
SF:lib\common\constants\keys.dart
DA:4,0
LF:1
LH:0
end_of_record
SF:lib\common\constants\routes.dart
DA:2,0
LF:1
LH:0
end_of_record
SF:lib\common\extensions\date_formatter.dart
DA:4,0
DA:5,0
DA:7,0
DA:8,0
DA:10,0
DA:11,0
DA:13,0
DA:15,0
DA:16,0
DA:19,0
DA:23,0
DA:24,0
DA:25,0
DA:26,0
DA:28,0
DA:33,0
DA:34,0
DA:37,0
DA:38,0
DA:39,0
DA:42,0
DA:45,0
DA:48,0
DA:51,0
DA:54,0
DA:59,0
DA:60,0
DA:61,0
DA:62,0
LF:29
LH:0
end_of_record
SF:lib\common\extensions\page_controller_ext.dart
DA:8,0
DA:9,0
DA:10,0
DA:11,0
DA:13,0
DA:16,0
DA:20,0
DA:22,0
DA:23,0
DA:25,0
DA:26,0
DA:28,0
DA:29,0
DA:31,0
DA:32,0
LF:15
LH:0
end_of_record
SF:lib\common\extensions\sizes.dart
DA:5,0
DA:13,0
DA:16,0
DA:18,0
DA:19,0
DA:22,0
DA:27,0
DA:30,0
DA:33,0
DA:34,0
DA:41,0
DA:42,0
DA:47,0
DA:48,0
LF:14
LH:0
end_of_record
SF:lib\common\extensions\types_ext.dart
DA:2,1
DA:6,0
DA:8,0
DA:9,0
DA:13,0
DA:15,0
DA:16,0
DA:19,0
DA:20,0
DA:21,0
DA:22,0
DA:24,0
DA:27,0
LF:13
LH:1
end_of_record
SF:lib\common\models\transaction_model.dart
DA:17,4
DA:39,0
DA:40,0
DA:41,0
DA:42,0
DA:43,0
DA:44,0
DA:46,0
DA:47,0
DA:48,0
DA:49,0
DA:53,1
DA:54,1
DA:55,1
DA:56,1
DA:57,1
DA:58,3
DA:60,3
DA:61,2
DA:62,1
DA:63,1
DA:64,2
DA:68,3
DA:70,6
DA:71,0
DA:73,3
DA:74,3
DA:75,3
DA:76,9
DA:77,9
DA:79,9
DA:80,9
DA:81,3
DA:82,3
DA:83,3
DA:84,12
DA:85,3
DA:90,0
DA:92,0
DA:93,0
DA:95,1
DA:99,0
DA:100,0
DA:101,0
DA:102,0
DA:103,0
DA:104,0
DA:105,0
DA:106,0
DA:107,0
DA:110,0
DA:112,0
DA:113,0
DA:114,0
DA:115,0
DA:116,0
DA:117,0
DA:118,0
DA:119,0
DA:120,0
DA:123,1
DA:134,1
DA:135,1
DA:136,1
DA:137,1
DA:138,1
DA:139,1
DA:140,1
DA:141,1
DA:142,1
DA:143,1
LF:71
LH:38
end_of_record
SF:lib\common\features\transaction\transaction_controller.dart
DA:9,1
DA:19,2
DA:21,1
DA:22,1
DA:23,1
DA:26,1
DA:27,2
DA:29,2
DA:30,1
DA:31,2
DA:33,1
DA:36,1
DA:37,4
DA:38,3
DA:42,1
DA:43,2
DA:44,2
DA:46,1
DA:47,4
DA:48,3
DA:52,1
DA:53,2
DA:54,2
DA:56,1
DA:57,4
DA:58,3
LF:26
LH:26
end_of_record
SF:lib\common\features\transaction\transaction_state.dart
DA:10,1
LF:1
LH:1
end_of_record
SF:lib\features\home\home_controller.dart
DA:9,1
DA:19,2
DA:22,0
DA:25,2
DA:27,0
DA:28,0
DA:31,1
DA:32,1
DA:33,1
DA:36,1
DA:37,2
DA:39,2
DA:44,1
DA:45,4
DA:46,1
DA:47,1
DA:49,2
LF:17
LH:14
end_of_record
SF:lib\features\home\home_state.dart
DA:10,1
LF:1
LH:1
end_of_record
SF:lib\features\sign_in\sign_in_controller.dart
DA:7,1
DA:19,2
DA:21,1
DA:22,1
DA:23,1
DA:26,1
DA:30,2
DA:32,2
DA:37,1
DA:38,4
DA:39,1
DA:40,2
DA:42,1
DA:45,1
DA:46,0
DA:47,3
LF:16
LH:15
end_of_record
SF:lib\features\sign_in\sign_in_state.dart
DA:12,1
LF:1
LH:1
end_of_record
SF:lib\features\sign_up\sign_up_controller.dart
DA:8,1
DA:18,2
DA:20,1
DA:21,1
DA:22,1
DA:25,1
DA:30,2
DA:32,2
DA:38,1
DA:39,4
DA:40,1
DA:41,2
DA:43,1
DA:46,2
LF:14
LH:14
end_of_record
SF:lib\features\sign_up\sign_up_state.dart
DA:12,1
LF:1
LH:1
end_of_record
SF:lib\features\splash\splash_controller.dart
DA:8,1
DA:18,2
DA:20,1
DA:21,1
DA:22,1
DA:25,1
DA:26,2
DA:28,2
DA:38,2
LF:9
LH:9
end_of_record
SF:lib\features\splash\splash_state.dart
DA:6,1
LF:1
LH:1
end_of_record
SF:lib\features\wallet\wallet_controller.dart
DA:8,1
DA:16,2
DA:19,2
DA:30,1
DA:31,1
DA:32,1
DA:35,1
DA:36,2
DA:38,2
DA:45,1
DA:46,4
DA:47,1
DA:48,1
DA:50,5
DA:52,2
LF:15
LH:15
end_of_record
SF:lib\features\wallet\wallet_state.dart
DA:10,1
LF:1
LH:1
end_of_record
SF:lib\locator.dart
DA:19,0
DA:21,0
DA:23,0
DA:24,0
DA:27,0
DA:28,0
DA:29,0
DA:30,0
DA:33,0
DA:34,0
DA:37,0
DA:38,0
DA:40,0
DA:41,0
DA:48,0
DA:49,0
DA:50,0
DA:51,0
DA:57,0
DA:58,0
DA:63,0
DA:64,0
DA:65,0
DA:70,0
DA:71,0
DA:72,0
DA:77,0
DA:78,0
DA:79,0
DA:83,0
DA:84,0
DA:85,0
DA:89,0
DA:90,0
DA:91,0
DA:95,0
DA:96,0
DA:97,0
LF:38
LH:0
end_of_record
SF:lib\repositories\transaction_repository_impl.dart
DA:10,1
DA:18,1
DA:25,1
DA:26,1
DA:28,2
DA:33,1
DA:34,1
DA:35,1
DA:39,1
DA:45,1
DA:48,1
DA:52,2
DA:55,0
DA:57,0
DA:59,1
DA:61,1
DA:66,2
DA:69,3
DA:70,1
DA:74,1
DA:75,1
DA:76,1
DA:80,1
DA:84,2
DA:86,3
DA:88,1
DA:89,1
DA:90,1
DA:94,1
DA:99,2
DA:102,2
DA:105,1
DA:106,1
DA:107,1
DA:111,1
DA:115,2
DA:117,2
DA:120,2
DA:123,2
DA:126,2
DA:127,1
DA:128,1
DA:132,1
DA:139,2
DA:141,3
DA:143,1
DA:144,1
DA:145,1
DA:148,2
DA:150,2
DA:151,2
DA:153,2
DA:154,2
DA:156,2
DA:160,2
DA:161,2
DA:163,2
DA:168,1
DA:173,1
DA:175,2
DA:180,1
DA:181,0
DA:197,1
DA:198,1
DA:200,1
DA:201,1
LF:66
LH:63
end_of_record
SF:lib\services\auth_service\firebase_auth_service.dart
DA:12,0
DA:13,0
DA:14,0
DA:19,0
DA:25,0
DA:30,0
DA:31,0
DA:34,0
DA:35,0
DA:36,0
DA:40,0
DA:47,0
DA:53,0
DA:58,0
DA:59,0
DA:62,0
DA:63,0
DA:64,0
DA:65,0
DA:66,0
DA:70,0
DA:73,0
DA:79,0
DA:82,0
DA:84,0
DA:86,0
DA:90,0
DA:91,0
DA:92,0
DA:93,0
DA:94,0
LF:31
LH:0
end_of_record
SF:lib\services\connection_service.dart
DA:6,12
DA:10,0
DA:12,0
DA:14,0
DA:16,0
DA:18,0
LF:6
LH:1
end_of_record
SF:lib\services\sync_services\sync_controller.dart
DA:7,1
DA:13,2
DA:15,1
DA:16,1
DA:17,1
DA:20,1
DA:21,2
DA:23,2
DA:25,1
DA:26,4
DA:27,3
DA:31,1
DA:32,2
DA:34,2
DA:36,1
DA:37,4
DA:38,3
LF:17
LH:17
end_of_record
SF:lib\services\sync_services\sync_state.dart
DA:12,1
DA:18,1
DA:22,1
LF:3
LH:3
end_of_record
SF:lib\common\widgets\primary_button.dart
DA:10,1
DA:19,1
DA:21,1
DA:23,1
DA:25,1
DA:26,1
DA:27,1
DA:30,1
DA:35,1
DA:36,1
DA:37,1
DA:38,1
DA:39,1
DA:40,1
DA:41,1
LF:15
LH:15
end_of_record
